108577738705
108624128146
108084073869
107845882772
108487002195
108298985741
108406077684
108242273466
108129358232
107876789063
108484881906
108448240644
108191351397
108468968180
107778560115
108519102500
108738311369
108655888162
107770683770
108594676113
108292468387
108029168439
108464585867
108408981187
108660447254
108434272511
108493886551
108717791630
107797850109
107913554734
108694311917
108381798065
107832128631
108125902413
108473629967
108310778087
108585390129
107896835388
108548910488
108534871063
108577952392
108380899025
108511395400
108055813497
108785079450
108051972082
108640988865
108586957205
108353970452
108251377467
108182762121
108724654090
108257834696
108512013580
108610074460
108385377009
108327891200
108798861456
108715301943
108099747030
108942389819
108426338267
108692749071
108564735173
108798584779
108477440990
108483198422
108308712880
108243060418
108489035571
108051906147
108153140184
108326915049
108333854466
108578662804
108714301226
107757619734
108605442246
108519123844
108749679275
108565449036
108710312592
107764520896
108388695556
107915614053
108249982699
108278517833
108444643322
108626653349
108864097888
108214387034
108383620938
108644619637
108422826141
108635825273
108571111841
108245622576
107654527790
108490488011
107897166906
108723053313
108343881309
108607857107
108547993638
108480858213
108603259664
108673385870
108666246615
108306607254
108904657351
108379876547
108682540794
108612175204
108144685927
108312739854
108564892890
108723182356
108777440006
108357840142
108664608670
107678461336
108357321059
108666951690
108671214214
108270135454
108856504257
108395070197
108428813466
108334712708
108438595646
108658193524
108209755970
108540174616
108164349554
108681584005
108461271374
108449467476
108372203399
108477981308
108489281331
108329708980
107859899123
108462099099
108715611121
108418016973
108823495717
108490054325
108674528959
108554364753
108400176884
107989619212
108190018265
108619057974
108771255402
108232859800
108359801815
107849359727
108046750297
108369693923
108376729579
108377213417
108909626826
108343198958
108803809669
107990956413
108542047793
108425317849
108789111017
108258351687
108407595507
108291272820
108254637331
108844337618
108804256627
108485638960
108601844274
108246693174
108387128764
108545838616
108677560814
108576501888
108588536592
108747939278
108096190391
108302139958
108516397492
108446447848
108835025878
108691864007
108689299149
108603045743
108749022045
108084882781
108770739620
108711173631
108244153683
108367107105
108572418819
108678903811
108527399343
108303553154
108607625001
107649084049
108118703948
108288539350
107989425960
108661022469
108287615698
108630176445
108178914949
108572960332
108608758611
108759322393
108362399890
108769422057
107808799434
108507469331
108220000054
108719036540
108116754524
108695708466
108441765249
107576442856
108398601064
108181993997
108117241202
108391411115
108361613091
108819282933
108561876526
108378675168
108358519415
108276323075
108326867688
108327875021
108581433328
108472095461
108757034479
108234000163
108433434997
108296880476
107885831304
108217593740
108130989669
108764493484
108777855868
108672402475
108657815837
108581004094
108501120911
108655983331
108712445818
108192954109
108153114275
108624182576
108528884853
108555712572
108472387339
107974219945
108718465400
108182296406
108584770451
108389764619
108586236538
108475950704
108635801296
108421053859
107983832367
108410529467
108326252764
108747222716
108610672060
108293516309
108714544644
108675594724
108550309227
108559323401
108158325838
108503388049
108689248017
108499160058
108655465634
108242817919
108732423698
108651746527
108602297245
108471897134
108368869975
108551915396
108077904945
108608285168
108721321135
108261045396
108178960793
108576829508
108566287505
108541889588
108739069842
108282623140
108330759975
108388864809
108189006184
108460961295
108567666446
108403449858
108448699337
108826051185
108418413758
108209263163
108432935594
108300108241
108499839060
108381730680
108136821367
108341685711
108670031070
108626343453
108664317619
108155205218
108569673458
108210270457
108885951443
108627745690
108608994844
108276665468
108473022694
108522353160
108466848557
108611323444
108556372626
108796862020
108465081844
108391172243
108264406230
108372965004
107989551355
108445060764
108326292913
108604475992
108425986029
108685064175
108699076134
108610219063
108396229413
108557878286
108407153358
108530549162
107750068125
108644110860
108238485837
108483863769
108333687710
108215471968
108671637390
108723963688
108708861747
108415658182
108284185114
108332744260
107858777268
108874053907
108449563689
108390228078
108456560410
108612407970
108090563542
108310877622
108380350345
108446064386
108445211335
108420808186
108500512969
108251452382
108531737002
108431197303
108393238237
108655052291
108825292687
108625738655
108719165998
108602985355
108228100023
108565866164
108154979812
108294271673
108484514722
108572192629
108516852951
108782257758
107654319336
108778238795
108604672805
107927942014
108056172166
108244969751
108308021275
108410172120
108111893979
108515751685
108224400784
108317790082
108289174258
108412489296
108735213973
108103093383
108647365995
108306596900
108648953972
108431106661
108467556406
108175737570
108514080124
108040917179
108685133938
108428170289
108324741642
108463190034
108343738496
108377814110
108670793351
108261235827
108396508468
108211811420
108176649682
108125696689
108842936044
107646565238
108482591427
108602171521
108767741512
108818601891
108054407843
108583804096
108500113800
108835621222
108611519360
108527633800
108784322334
108548739718
108018200990
108260759732
108449837638
108303436772
108479369003
108633326237
108608170913
108080424028
108742387715
108602701970
108500551539
108061846948
108481131616
108707945503
108339571491
108382872833
108651155542
108822883179
108286671926
108274560750
108439357354
108519707124
108432600146
108655361131
108330626316
108822647139
108386105144
108688945269
108688667087
108274343269
108520525298
108641351243
108661900437
108289236322
108421039119
108436825171
108570873068
108710066656
108380950109
108310996232
108533564272
108264517011
108693318160
108296468235
108935092733
108690610883
108449750344
108190184730
108326786208
108522821843
108519765170
108712599630
108319808978
108507511518
108678021329
108192862099
108111970473
107881830766
108634566751
108096958215
108744908697
108532724512
108288503115
108423337279
108502454470
108538579425
108550217765
108852876183
108105181016
108299102534
108393853364
108055656335
108874825710
108010843711
108772469277
107804754761
108389079394
108411336332
108705944479
108513383013
108694254895
108583351474
108493876394
108493003701
108272189499
108153256176
108569164288
108148522184
108544314088
108575027074
108573414754
107664070845
108537725695
108354007462
108474923066
107892382505
108388745450
108458491000
108944971244
107874321501
108194671578
108543102302
108060662319
107593382068
108161074072
108457761897
108595425000
108313351658
108590080005
108331556481
108477321892
108516146856
107951342898
108857306685
108382462135
108457919552
108932123263
108828050572
108064682083
108756220671
108379117453
108495198538
108393278512
108474615723
108381528850
108568546651
108086356423
108167068571
108151461587
108581772645
108061524960
108658734551
108575240693
108278366233
108484191649
108721970361
108250020275
108221844986
108804643717
108537794836
108408133834
108626774835
108126100673
108717101019
108547085292
108584012135
108623712183
108529796117
108148981832
107978670845
108605393439
108731435500
108571023061
108415518683
108689262508
108542153944
108714691295
108215359405
108649987346
108443610381
107754285083
108754148148
108605521701
108229053766
108383440660
108779078270
108274510378
108526323326
108089188823
108299574041
108533111075
108771931905
108489526699
108409344135
108633397118
108611962260
108423749039
108139746824
108570141345
108160133163
108767245025
107891345257
108982619141
108227240283
108232266449
108275909412
108293587779
108373153796
108501479087
108665185674
107926848975
108554755692
108366557247
108151774105
108276632122
108040974052
108224517000
108591168853
108713399548
108592473546
108335143821
108413858104
108079554481
108287231844
108312364025
108066539355
108398586073
107925471850
108401172705
108487664205
108364065512
108007725916
108591869111
108515244327
108642647985
108618113678
108287851005
108736274070
108530340766
108600431623
108136845164
108403365460
108668601131
108796443305
108312078800
108309033177
108531191627
108425576202
108739090296
108527367824
108066612953
108619844829
107815617818
108829651526
108402631209
107975271954
108587883928
108456986778
108502101122
107762846126
108365537428
108014942893
109019939347
108457856520
108692932603
108744453573
108511434789
108760061608
108578091692
108179257665
108131986715
108273055684
108207025364
108515894365
107733385551
107977299659
107975351396
108532134436
108421681561
107752338210
109040268149
108333509022
108538970106
108975677366
108625009050
108381961844
108488274608
108178052538
108414991918
107899081747
108371347213
108763856107
108110113524
108352471494
108716067680
108573748798
108041808488
108586110389
108616872185
108610724156
108400747866
108370350340
108060701644
108545031473
108527573801
108795179702
108099830942
108425598337
108634642412
108178985247
108252293537
108688059045
108284450711
108082603980
108061230478
108656653096
108286101303
108528969820
108075921366
108403475789
108607818860
108463205081
108221014519
108417957299
108398452278
108053414289
108672876378
108226279022
108483467268
108248395201
108577599869
108509057606
108295439402
108668488078
107878489980
108465266366
108514424694
108367624926
108395583587
108560552702
108359292381
108929185142
108893964130
107964458925
108703315368
108707323319
108563658619
108590230552
108317871279
108449609397
108583734994
108244401230
108565167556
108940243025
108220519481
108566506839
108286400225
108611211447
108550960817
108208649423
108322164925
108953221005
108448028018
108603707573
108505098068
108283564603
107794213513
108076828366
108660731682
108385317957
108089586668
108301516497
108666972070
108895195116
107654585832
108179789405
108735391707
108470899688
107986628396
108660251321
108591211250
108354918269
108409121521
108550521231
108408495981
108556858201
108648333202
108790854756
108396628043
108268047983
108760151817
108797946162
108736850299
107891903296
108849441177
108696833927
108019150782
108704710289
108488571288
108794199323
108445792855
107746359700
108465273943
108655051379
108364587400
108006346337
108223153860
108369587774
108595208372
108592996197
108648822599
107965992430
108478099741
108339927363
108626333016
108442856567
108405230147
108434543208
108799722807
108291993366
108726246926
108499562242
108437773964
108586277304
108569466489
108334172642
108442296825
108894736854
108178375614
108582024444
108541506172
108389676932
108410398563
108600636308
108251410369
108296319395
108645435987
108690873642
108230845884
108311082133
108486904027
108254297579
108502569866
108079113657
108314960137
108658255651
108639643676
108384097890
108292572164
108323445455
108580586285
107996100352
108451535721
108640553769
108526794317
108820413634
108647441797
108483819668
108277426628
108556863057
108469261604
108253295698
108970488354
108689814100
107778197929
108425615024
107476322312
107724343723
108091229091
108413622356
108522600356
108110630658
108633888674
108363925814
108639702224
107935470313
108867299403
108724850826
107980287258
108425156212
108170069354
108350723202
108267130531
108270397581
108571496745
108159016934
108761451567
108609630016
108645066155
108642343002
108543914726
108357856193
107906365907
108345703624
108424250479
108153114515
108235267170
108383295552
108746013234
108335238966
108522013999
107933081450
108391382279
108052117223
108563796085
108800582739
108369751912
108654827888
108711183656
108576853621
108204508030
108265418832
108238607807
108576806754
108856420590
108956127620
108575682365
108539993055
107952328917
108545603421
108664220888
108444684543
108655715469
108791219907
108253157628
108602403801
108311321131
108211447575
108657428648
108745477337
107989804234
108026301021
107626538604
108391731130
108288196186
108518743057
108310153415
108498980058
108754320208
107848758758
108040977680
108452772732
107569330055
108656593530
108389418425
108555167534
108712141691
108216320762
108590878707
108701011868
108509763660
108513022672
108264296236
108036604334
108626795397
108233268934
108279485917
108474238317
108694652877
108663415955
108522680676
108342414848
107693755265
108556348958
108480125374
108633856235
108424106971
108283928309
108393800847
108091271124
108815569051
108557726648
108650068530
108685759727
108660095543
108558209908
108404971378
108239073929
108657839400
108377600986
108163918016
